app/build/intermediates/manifest_merge_blame_file/debug/processDebugMainManifest/manifest-merger-blame-debug-report.txt
1<?xml version="1.0" encoding="utf-8"?>
2<manifest xmlns:android="http://schemas.android.com/apk/res/android"
3    package="com.example.venus_medi_app"
4    android:versionCode="1"
5    android:versionName="1.0" >
6
7    <uses-sdk
8        android:minSdkVersion="21"
9        android:targetSdkVersion="35" />
10
11    <uses-feature
11-->src\main\AndroidManifest.xml:5:5-7:35
12        android:name="android.hardware.telephony"
12-->src\main\AndroidManifest.xml:6:9-50
13        android:required="true" />
13-->src\main\AndroidManifest.xml:7:9-32
14
15    <uses-permission android:name="android.permission.INTERNET" />
15-->src\main\AndroidManifest.xml:9:5-67
15-->src\main\AndroidManifest.xml:9:22-64
16    <uses-permission android:name="android.permission.SEND_SMS" />
16-->src\main\AndroidManifest.xml:10:5-67
16-->src\main\AndroidManifest.xml:10:22-64
17    <uses-permission android:name="android.permission.READ_PHONE_STATE" />
17-->src\main\AndroidManifest.xml:11:5-75
17-->src\main\AndroidManifest.xml:11:22-72
18
19    <permission
19-->[androidx.core:core:1.13.0] AndroidManifest.xml:22:5-24:47
20        android:name="com.example.venus_medi_app.DYNAMIC_RECEIVER_NOT_EXPORTED_PERMISSION"
20-->[androidx.core:core:1.13.0] AndroidManifest.xml:23:9-81
21        android:protectionLevel="signature" />
21-->[androidx.core:core:1.13.0] AndroidManifest.xml:24:9-44
22
23    <uses-permission android:name="com.example.venus_medi_app.DYNAMIC_RECEIVER_NOT_EXPORTED_PERMISSION" />
23-->[androidx.core:core:1.13.0] AndroidManifest.xml:26:5-97
23-->[androidx.core:core:1.13.0] AndroidManifest.xml:26:22-94
24
25    <application
25-->src\main\AndroidManifest.xml:13:5-144:19
26        android:allowBackup="true"
26-->src\main\AndroidManifest.xml:14:9-35
27        android:appComponentFactory="androidx.core.app.CoreComponentFactory"
27-->[androidx.core:core:1.13.0] AndroidManifest.xml:28:18-86
28        android:dataExtractionRules="@xml/data_extraction_rules"
28-->src\main\AndroidManifest.xml:15:9-65
29        android:debuggable="true"
30        android:extractNativeLibs="true"
31        android:fullBackupContent="@xml/backup_rules"
31-->src\main\AndroidManifest.xml:16:9-54
32        android:icon="@mipmap/ic_launcher"
32-->src\main\AndroidManifest.xml:17:9-43
33        android:label="@string/app_name"
33-->src\main\AndroidManifest.xml:18:9-41
34        android:roundIcon="@mipmap/ic_launcher_round"
34-->src\main\AndroidManifest.xml:19:9-54
35        android:supportsRtl="true"
35-->src\main\AndroidManifest.xml:20:9-35
36        android:testOnly="true"
37        android:theme="@style/Theme.Venus_medi_app" >
37-->src\main\AndroidManifest.xml:21:9-52
38        <activity
38-->src\main\AndroidManifest.xml:24:9-26:40
39            android:name="com.example.venus_medi_app.Admin_Medicineorder_Sms_Confirmation"
39-->src\main\AndroidManifest.xml:25:13-65
40            android:exported="false" />
40-->src\main\AndroidManifest.xml:26:13-37
41        <activity
41-->src\main\AndroidManifest.xml:27:9-29:40
42            android:name="com.example.venus_medi_app.Admin_View_And_Confirm_Medicine_Order"
42-->src\main\AndroidManifest.xml:28:13-66
43            android:exported="false" />
43-->src\main\AndroidManifest.xml:29:13-37
44        <activity
44-->src\main\AndroidManifest.xml:30:9-32:40
45            android:name="com.example.venus_medi_app.Card_Payment"
45-->src\main\AndroidManifest.xml:31:13-41
46            android:exported="false" />
46-->src\main\AndroidManifest.xml:32:13-37
47        <activity
47-->src\main\AndroidManifest.xml:33:9-35:40
48            android:name="com.example.venus_medi_app.Payment_Option"
48-->src\main\AndroidManifest.xml:34:13-43
49            android:exported="false" />
49-->src\main\AndroidManifest.xml:35:13-37
50        <activity
50-->src\main\AndroidManifest.xml:36:9-38:40
51            android:name="com.example.venus_medi_app.User_Booking_To_Medicine"
51-->src\main\AndroidManifest.xml:37:13-53
52            android:exported="false" />
52-->src\main\AndroidManifest.xml:38:13-37
53        <activity
53-->src\main\AndroidManifest.xml:39:9-41:40
54            android:name="com.example.venus_medi_app.View_Medicine_Cart"
54-->src\main\AndroidManifest.xml:40:13-47
55            android:exported="false" />
55-->src\main\AndroidManifest.xml:41:13-37
56        <activity
56-->src\main\AndroidManifest.xml:42:9-44:40
57            android:name="com.example.venus_medi_app.User_Information_Of_Medicine_Details"
57-->src\main\AndroidManifest.xml:43:13-65
58            android:exported="false" />
58-->src\main\AndroidManifest.xml:44:13-37
59        <activity
59-->src\main\AndroidManifest.xml:45:9-47:40
60            android:name="com.example.venus_medi_app.User_Find_Medicines"
60-->src\main\AndroidManifest.xml:46:13-48
61            android:exported="false" />
61-->src\main\AndroidManifest.xml:47:13-37
62        <activity
62-->src\main\AndroidManifest.xml:48:9-50:40
63            android:name="com.example.venus_medi_app.HospitalInformation_For_UserMenu"
63-->src\main\AndroidManifest.xml:49:13-61
64            android:exported="false" />
64-->src\main\AndroidManifest.xml:50:13-37
65        <activity
65-->src\main\AndroidManifest.xml:51:9-53:40
66            android:name="com.example.venus_medi_app.HospitalInformation_For_WelcomeScreen"
66-->src\main\AndroidManifest.xml:52:13-66
67            android:exported="false" />
67-->src\main\AndroidManifest.xml:53:13-37
68        <activity
68-->src\main\AndroidManifest.xml:54:9-56:40
69            android:name="com.example.venus_medi_app.Admin_View_And_Confirm_Labtest"
69-->src\main\AndroidManifest.xml:55:13-59
70            android:exported="false" />
70-->src\main\AndroidManifest.xml:56:13-37
71        <activity
71-->src\main\AndroidManifest.xml:57:9-59:40
72            android:name="com.example.venus_medi_app.User_Booking_To_Labtest"
72-->src\main\AndroidManifest.xml:58:13-52
73            android:exported="false" />
73-->src\main\AndroidManifest.xml:59:13-37
74        <activity
74-->src\main\AndroidManifest.xml:60:9-62:40
75            android:name="com.example.venus_medi_app.User_Information_Of_Labtest_Details"
75-->src\main\AndroidManifest.xml:61:13-64
76            android:exported="false" />
76-->src\main\AndroidManifest.xml:62:13-37
77        <activity
77-->src\main\AndroidManifest.xml:63:9-65:40
78            android:name="com.example.venus_medi_app.User_Find_Labtest"
78-->src\main\AndroidManifest.xml:64:13-46
79            android:exported="false" />
79-->src\main\AndroidManifest.xml:65:13-37
80        <activity
80-->src\main\AndroidManifest.xml:66:9-68:40
81            android:name="com.example.venus_medi_app.AdminJobCodeVerification"
81-->src\main\AndroidManifest.xml:67:13-53
82            android:exported="false" />
82-->src\main\AndroidManifest.xml:68:13-37
83        <activity
83-->src\main\AndroidManifest.xml:69:9-71:40
84            android:name="com.example.venus_medi_app.Admin_Remove_LabTest_Booking"
84-->src\main\AndroidManifest.xml:70:13-57
85            android:exported="false" />
85-->src\main\AndroidManifest.xml:71:13-37
86        <activity
86-->src\main\AndroidManifest.xml:72:9-74:40
87            android:name="com.example.venus_medi_app.Admin_Remove_Medicine_Order"
87-->src\main\AndroidManifest.xml:73:13-56
88            android:exported="false" />
88-->src\main\AndroidManifest.xml:74:13-37
89        <activity
89-->src\main\AndroidManifest.xml:75:9-77:40
90            android:name="com.example.venus_medi_app.Admin_Remove_Doctor_Consultation"
90-->src\main\AndroidManifest.xml:76:13-61
91            android:exported="false" />
91-->src\main\AndroidManifest.xml:77:13-37
92        <activity
92-->src\main\AndroidManifest.xml:78:9-80:40
93            android:name="com.example.venus_medi_app.Admin_Options_For_Remove_Bookings"
93-->src\main\AndroidManifest.xml:79:13-62
94            android:exported="false" />
94-->src\main\AndroidManifest.xml:80:13-37
95        <activity
95-->src\main\AndroidManifest.xml:81:9-83:40
96            android:name="com.example.venus_medi_app.Admin_Channeling_Sms_Confirmation"
96-->src\main\AndroidManifest.xml:82:13-62
97            android:exported="false" />
97-->src\main\AndroidManifest.xml:83:13-37
98        <activity
98-->src\main\AndroidManifest.xml:84:9-86:40
99            android:name="com.example.venus_medi_app.Admin_Labtest_Sms_Confirmation"
99-->src\main\AndroidManifest.xml:85:13-59
100            android:exported="false" />
100-->src\main\AndroidManifest.xml:86:13-37
101        <activity
101-->src\main\AndroidManifest.xml:87:9-89:40
102            android:name="com.example.venus_medi_app.Admin_View_And_Confirm_Channeling"
102-->src\main\AndroidManifest.xml:88:13-62
103            android:exported="false" />
103-->src\main\AndroidManifest.xml:89:13-37
104        <activity
104-->src\main\AndroidManifest.xml:90:9-92:40
105            android:name="com.example.venus_medi_app.BMI_Calculator"
105-->src\main\AndroidManifest.xml:91:13-43
106            android:exported="false" />
106-->src\main\AndroidManifest.xml:92:13-37
107        <activity
107-->src\main\AndroidManifest.xml:93:9-95:40
108            android:name="com.example.venus_medi_app.User_Booking_To_Specialist"
108-->src\main\AndroidManifest.xml:94:13-55
109            android:exported="false" />
109-->src\main\AndroidManifest.xml:95:13-37
110        <activity
110-->src\main\AndroidManifest.xml:96:9-98:40
111            android:name="com.example.venus_medi_app.User_Information_Of_Specialist_Details"
111-->src\main\AndroidManifest.xml:97:13-67
112            android:exported="false" />
112-->src\main\AndroidManifest.xml:98:13-37
113        <activity
113-->src\main\AndroidManifest.xml:99:9-101:40
114            android:name="com.example.venus_medi_app.User_Find_Specialist"
114-->src\main\AndroidManifest.xml:100:13-49
115            android:exported="false" />
115-->src\main\AndroidManifest.xml:101:13-37
116        <activity
116-->src\main\AndroidManifest.xml:102:9-104:40
117            android:name="com.example.venus_medi_app.Admin_View_And_Delete_UserAccount"
117-->src\main\AndroidManifest.xml:103:13-62
118            android:exported="false" />
118-->src\main\AndroidManifest.xml:104:13-37
119        <activity
119-->src\main\AndroidManifest.xml:105:9-107:40
120            android:name="com.example.venus_medi_app.User_Removing_User_Account"
120-->src\main\AndroidManifest.xml:106:13-55
121            android:exported="false" />
121-->src\main\AndroidManifest.xml:107:13-37
122        <activity
122-->src\main\AndroidManifest.xml:108:9-110:40
123            android:name="com.example.venus_medi_app.AdminMenu"
123-->src\main\AndroidManifest.xml:109:13-38
124            android:exported="false" />
124-->src\main\AndroidManifest.xml:110:13-37
125        <activity
125-->src\main\AndroidManifest.xml:111:9-113:40
126            android:name="com.example.venus_medi_app.UserMenu"
126-->src\main\AndroidManifest.xml:112:13-37
127            android:exported="false" />
127-->src\main\AndroidManifest.xml:113:13-37
128        <activity
128-->src\main\AndroidManifest.xml:114:9-116:40
129            android:name="com.example.venus_medi_app.AdminLogin"
129-->src\main\AndroidManifest.xml:115:13-39
130            android:exported="false" />
130-->src\main\AndroidManifest.xml:116:13-37
131        <activity
131-->src\main\AndroidManifest.xml:117:9-119:40
132            android:name="com.example.venus_medi_app.AdminRegistration"
132-->src\main\AndroidManifest.xml:118:13-46
133            android:exported="false" />
133-->src\main\AndroidManifest.xml:119:13-37
134        <activity
134-->src\main\AndroidManifest.xml:120:9-122:40
135            android:name="com.example.venus_medi_app.UserLogin"
135-->src\main\AndroidManifest.xml:121:13-38
136            android:exported="false" />
136-->src\main\AndroidManifest.xml:122:13-37
137        <activity
137-->src\main\AndroidManifest.xml:123:9-125:40
138            android:name="com.example.venus_medi_app.UserRegistration"
138-->src\main\AndroidManifest.xml:124:13-45
139            android:exported="false" />
139-->src\main\AndroidManifest.xml:125:13-37
140        <activity
140-->src\main\AndroidManifest.xml:127:9-137:20
141            android:name="com.example.venus_medi_app.LogoAnimation"
141-->src\main\AndroidManifest.xml:128:13-42
142            android:exported="true"
142-->src\main\AndroidManifest.xml:129:13-36
143            android:label="Venus Medi App"
143-->src\main\AndroidManifest.xml:130:13-43
144            android:theme="@style/Theme.AppCompat.NoActionBar" >
144-->src\main\AndroidManifest.xml:131:13-63
145            <intent-filter>
145-->src\main\AndroidManifest.xml:133:13-136:29
146                <action android:name="android.intent.action.MAIN" />
146-->src\main\AndroidManifest.xml:134:17-69
146-->src\main\AndroidManifest.xml:134:25-66
147
148                <category android:name="android.intent.category.LAUNCHER" />
148-->src\main\AndroidManifest.xml:135:17-77
148-->src\main\AndroidManifest.xml:135:27-74
149            </intent-filter>
150        </activity>
151        <activity
151-->src\main\AndroidManifest.xml:140:9-142:39
152            android:name="com.example.venus_medi_app.WelcomeScreen"
152-->src\main\AndroidManifest.xml:141:13-42
153            android:exported="true" />
153-->src\main\AndroidManifest.xml:142:13-36
154
155        <provider
155-->[androidx.emoji2:emoji2:1.3.0] AndroidManifest.xml:24:9-32:20
156            android:name="androidx.startup.InitializationProvider"
156-->[androidx.emoji2:emoji2:1.3.0] AndroidManifest.xml:25:13-67
157            android:authorities="com.example.venus_medi_app.androidx-startup"
157-->[androidx.emoji2:emoji2:1.3.0] AndroidManifest.xml:26:13-68
158            android:exported="false" >
158-->[androidx.emoji2:emoji2:1.3.0] AndroidManifest.xml:27:13-37
159            <meta-data
159-->[androidx.emoji2:emoji2:1.3.0] AndroidManifest.xml:29:13-31:52
160                android:name="androidx.emoji2.text.EmojiCompatInitializer"
160-->[androidx.emoji2:emoji2:1.3.0] AndroidManifest.xml:30:17-75
161                android:value="androidx.startup" />
161-->[androidx.emoji2:emoji2:1.3.0] AndroidManifest.xml:31:17-49
162            <meta-data
162-->[androidx.lifecycle:lifecycle-process:2.6.2] AndroidManifest.xml:29:13-31:52
163                android:name="androidx.lifecycle.ProcessLifecycleInitializer"
163-->[androidx.lifecycle:lifecycle-process:2.6.2] AndroidManifest.xml:30:17-78
164                android:value="androidx.startup" />
164-->[androidx.lifecycle:lifecycle-process:2.6.2] AndroidManifest.xml:31:17-49
165            <meta-data
165-->[androidx.profileinstaller:profileinstaller:1.4.0] AndroidManifest.xml:29:13-31:52
166                android:name="androidx.profileinstaller.ProfileInstallerInitializer"
166-->[androidx.profileinstaller:profileinstaller:1.4.0] AndroidManifest.xml:30:17-85
167                android:value="androidx.startup" />
167-->[androidx.profileinstaller:profileinstaller:1.4.0] AndroidManifest.xml:31:17-49
168        </provider>
169
170        <receiver
170-->[androidx.profileinstaller:profileinstaller:1.4.0] AndroidManifest.xml:34:9-52:20
171            android:name="androidx.profileinstaller.ProfileInstallReceiver"
171-->[androidx.profileinstaller:profileinstaller:1.4.0] AndroidManifest.xml:35:13-76
172            android:directBootAware="false"
172-->[androidx.profileinstaller:profileinstaller:1.4.0] AndroidManifest.xml:36:13-44
173            android:enabled="true"
173-->[androidx.profileinstaller:profileinstaller:1.4.0] AndroidManifest.xml:37:13-35
174            android:exported="true"
174-->[androidx.profileinstaller:profileinstaller:1.4.0] AndroidManifest.xml:38:13-36
175            android:permission="android.permission.DUMP" >
175-->[androidx.profileinstaller:profileinstaller:1.4.0] AndroidManifest.xml:39:13-57
176            <intent-filter>
176-->[androidx.profileinstaller:profileinstaller:1.4.0] AndroidManifest.xml:40:13-42:29
177                <action android:name="androidx.profileinstaller.action.INSTALL_PROFILE" />
177-->[androidx.profileinstaller:profileinstaller:1.4.0] AndroidManifest.xml:41:17-91
177-->[androidx.profileinstaller:profileinstaller:1.4.0] AndroidManifest.xml:41:25-88
178            </intent-filter>
179            <intent-filter>
179-->[androidx.profileinstaller:profileinstaller:1.4.0] AndroidManifest.xml:43:13-45:29
180                <action android:name="androidx.profileinstaller.action.SKIP_FILE" />
180-->[androidx.profileinstaller:profileinstaller:1.4.0] AndroidManifest.xml:44:17-85
180-->[androidx.profileinstaller:profileinstaller:1.4.0] AndroidManifest.xml:44:25-82
181            </intent-filter>
182            <intent-filter>
182-->[androidx.profileinstaller:profileinstaller:1.4.0] AndroidManifest.xml:46:13-48:29
183                <action android:name="androidx.profileinstaller.action.SAVE_PROFILE" />
183-->[androidx.profileinstaller:profileinstaller:1.4.0] AndroidManifest.xml:47:17-88
183-->[androidx.profileinstaller:profileinstaller:1.4.0] AndroidManifest.xml:47:25-85
184            </intent-filter>
185            <intent-filter>
185-->[androidx.profileinstaller:profileinstaller:1.4.0] AndroidManifest.xml:49:13-51:29
186                <action android:name="androidx.profileinstaller.action.BENCHMARK_OPERATION" />
186-->[androidx.profileinstaller:profileinstaller:1.4.0] AndroidManifest.xml:50:17-95
186-->[androidx.profileinstaller:profileinstaller:1.4.0] AndroidManifest.xml:50:25-92
187            </intent-filter>
188        </receiver>
189    </application>
190
191</manifest>